  Game.cpp
C:\Users\Huntees\Desktop\computer-graphics\Coursework\OpenGLTemplate\Game.cpp(549,38): warning C4244: '+=': conversion from 'double' to 'float', possible loss of data
C:\Users\Huntees\Desktop\computer-graphics\Coursework\OpenGLTemplate\Game.cpp(640,34): warning C4244: '-=': conversion from 'double' to 'float', possible loss of data
C:\Users\Huntees\Desktop\computer-graphics\Coursework\OpenGLTemplate\Game.cpp(647,34): warning C4244: '+=': conversion from 'double' to 'float', possible loss of data
C:\Users\Huntees\Desktop\computer-graphics\Coursework\OpenGLTemplate\Game.cpp(655,43): warning C4244: '+=': conversion from 'double' to 'float', possible loss of data
C:\Users\Huntees\Desktop\computer-graphics\Coursework\OpenGLTemplate\Game.cpp(690,34): warning C4244: '+=': conversion from 'double' to 'float', possible loss of data
C:\Users\Huntees\Desktop\computer-graphics\Coursework\OpenGLTemplate\Game.cpp(697,34): warning C4244: '-=': conversion from 'double' to 'float', possible loss of data
C:\Users\Huntees\Desktop\computer-graphics\Coursework\OpenGLTemplate\Game.cpp(705,34): warning C4244: '+=': conversion from 'double' to 'float', possible loss of data
C:\Users\Huntees\Desktop\computer-graphics\Coursework\OpenGLTemplate\Game.cpp(708,36): warning C4244: '=': conversion from 'double' to 'float', possible loss of data
C:\Users\Huntees\Desktop\computer-graphics\Coursework\OpenGLTemplate\Game.cpp(713,34): warning C4244: '-=': conversion from 'double' to 'float', possible loss of data
C:\Users\Huntees\Desktop\computer-graphics\Coursework\OpenGLTemplate\Game.cpp(716,37): warning C4244: '=': conversion from 'double' to 'float', possible loss of data
C:\Users\Huntees\Desktop\computer-graphics\Coursework\OpenGLTemplate\Game.cpp(757,33): warning C4244: 'argument': conversion from 'float' to 'int', possible loss of data
C:\Users\Huntees\Desktop\computer-graphics\Coursework\OpenGLTemplate\Game.cpp(758,43): warning C4244: 'argument': conversion from 'float' to 'int', possible loss of data
C:\Users\Huntees\Desktop\computer-graphics\Coursework\OpenGLTemplate\Game.cpp(758,27): warning C4244: 'argument': conversion from 'float' to 'int', possible loss of data
C:\Users\Huntees\Desktop\computer-graphics\Coursework\OpenGLTemplate\Game.cpp(759,43): warning C4244: 'argument': conversion from 'float' to 'int', possible loss of data
C:\Users\Huntees\Desktop\computer-graphics\Coursework\OpenGLTemplate\Game.cpp(759,27): warning C4244: 'argument': conversion from 'float' to 'int', possible loss of data
C:\Users\Huntees\Desktop\computer-graphics\Coursework\OpenGLTemplate\Game.cpp(933,21): warning C4244: 'return': conversion from 'WPARAM' to 'int', possible loss of data
     Creating library C:\Users\Huntees\Desktop\computer-graphics\Coursework\x64\Debug\OpenGLTemplate.lib and object C:\Users\Huntees\Desktop\computer-graphics\Coursework\x64\Debug\OpenGLTemplate.exp
MSVCRTD.lib(initializers.obj) : warning LNK4098: defaultlib 'msvcrt.lib' conflicts with use of other libs; use /NODEFAULTLIB:library
  OpenGLTemplate.vcxproj -> C:\Users\Huntees\Desktop\computer-graphics\Coursework\x64\Debug\OpenGLTemplate.exe
